<?xml version="1.0" encoding="UTF-8" ?>
<testsuite tests="1" failures="0" name="com.wang.ustc.AppTest" time="0.004" errors="0" skipped="0">
  <properties>
    <property name="java.runtime.name" value="Java(TM) SE Runtime Environment"/>
    <property name="sun.boot.library.path" value="D:\a_env\Java\JDK\jdk1.8.0\jre\bin"/>
    <property name="java.vm.version" value="25.111-b14"/>
    <property name="java.vm.vendor" value="Oracle Corporation"/>
    <property name="maven.multiModuleProjectDirectory" value="I:\a-Code_github\6-maven-practice\静态检查\Helloworld"/>
    <property name="java.vendor.url" value="http://java.oracle.com/"/>
    <property name="path.separator" value=";"/>
    <property name="guice.disable.misplaced.annotation.check" value="true"/>
    <property name="java.vm.name" value="Java HotSpot(TM) 64-Bit Server VM"/>
    <property name="file.encoding.pkg" value="sun.io"/>
    <property name="user.script" value=""/>
    <property name="user.country" value="CN"/>
    <property name="sun.java.launcher" value="SUN_STANDARD"/>
    <property name="sun.os.patch.level" value=""/>
    <property name="java.vm.specification.name" value="Java Virtual Machine Specification"/>
    <property name="user.dir" value="I:\a-Code_github\6-maven-practice\静态检查\Helloworld"/>
    <property name="java.runtime.version" value="1.8.0_111-b14"/>
    <property name="java.awt.graphicsenv" value="sun.awt.Win32GraphicsEnvironment"/>
    <property name="java.endorsed.dirs" value="D:\a_env\Java\JDK\jdk1.8.0\jre\lib\endorsed"/>
    <property name="os.arch" value="amd64"/>
    <property name="java.io.tmpdir" value="C:\Users\wang\AppData\Local\Temp\"/>
    <property name="line.separator" value="
"/>
    <property name="java.vm.specification.vendor" value="Oracle Corporation"/>
    <property name="user.variant" value=""/>
    <property name="os.name" value="Windows 10"/>
    <property name="classworlds.conf" value="D:\c_codebuild\maven\installed\bin\..\bin\m2.conf"/>
    <property name="sun.jnu.encoding" value="GBK"/>
    <property name="java.library.path" value="D:\a_env\Java\JDK\jdk1.8.0\bin;C:\WINDOWS\Sun\Java\bin;C:\WINDOWS\system32;C:\WINDOWS;C:\Program Files\Docker\Docker\Resources\bin;C:\Program Files (x86)\Intel\iCLS Client\;C:\Program Files\Intel\iCLS Client\;C:\WINDOWS\system32;C:\WINDOWS;C:\WINDOWS\System32\Wbem;C:\WINDOWS\System32\WindowsPowerShell\v1.0\;C:\Program Files (x86)\Intel\Intel(R) Management Engine Components\DAL;C:\Program Files\Intel\Intel(R) Management Engine Components\DAL;C:\Program Files (x86)\Intel\Intel(R) Management Engine Components\IPT;C:\Program Files\Intel\Intel(R) Management Engine Components\IPT;D:\c_codebuild\maven\installed\bin;D:\a_cmd\com;D:\a_cmd\hexo;D:\a_cmd\linux;D:\a_cmd\pscmd;D:\a_cmd\pycmd;D:\a_cmd\shcmd;D:\a_env\Java\JDK\jdk1.8.0\bin;D:\a_env\Java\JDK\jdk1.8.0\jre\bin;D:\a_env\m_go\goroot\bin;D:\a_env\python\installed;D:\d_data\2-redis\installed;D:\d_data\1-mysql\installed\5.6\soft\bin;D:\d_data\2-mongodb\installed\mongodb3.4.10\bin;D:\d_server\zookeeper-3.5.2\bin;D:\d_server\kafka-2.12\bin;D:\c_store\git\git\installed\cmd;D:\a_env\nodejs\installed\;D:\a_env\ruby\installed\bin;D:\a_env\python\installed\python.exe;D:\a_env\nodejs\installed\node_global\;D:\a_env\groovy\installed\groovy-2.4.15\bin;C:\ProgramData\Oracle\Java\javapath;D:\c_store\svn\client\installed\bin;D:\c_store\svn\server\installed\bin;D:\c_cmdtool\springbootcli\installed\bin;D:\c_store\git\Tool4Merge\P4Merge\installed\;D:\c_codebuild\gradle\installed\bin;D:\a_env\Rlangue\installed\R-3.5.0\bin;C:\Program Files\Intel\WiFi\bin\;C:\Program Files\Common Files\Intel\WirelessCommon\;C:\WINDOWS\System32\OpenSSH\;D:\c_store\git\TortoiseGit\installed\bin;;D:\b_ide\vscode\installed\bin;D:\a_platform\putty\installed\;D:\a_env\python\installed\Scripts\;D:\a_env\python\installed\;C:\Users\wang\AppData\Local\Microsoft\WindowsApps;C:\Users\wang\AppData\Roaming\npm;C:\Users\wang\AppData\Local\GitHubDesktop\bin;C:\Users\wang\AppData\Local\Microsoft\WindowsApps;C:\Users\wang\AppData\Local\atom\bin;."/>
    <property name="maven.conf" value="D:\c_codebuild\maven\installed\bin\../conf"/>
    <property name="java.specification.name" value="Java Platform API Specification"/>
    <property name="java.class.version" value="52.0"/>
    <property name="sun.management.compiler" value="HotSpot 64-Bit Tiered Compilers"/>
    <property name="os.version" value="10.0"/>
    <property name="library.jansi.path" value="D:\c_codebuild\maven\installed\bin\..\lib\jansi-native\windows64"/>
    <property name="user.home" value="C:\Users\wang"/>
    <property name="user.timezone" value="Asia/Shanghai"/>
    <property name="java.awt.printerjob" value="sun.awt.windows.WPrinterJob"/>
    <property name="java.specification.version" value="1.8"/>
    <property name="file.encoding" value="GBK"/>
    <property name="user.name" value="wang"/>
    <property name="java.class.path" value="D:\c_codebuild\maven\installed\bin\..\boot\plexus-classworlds-2.5.2.jar"/>
    <property name="java.vm.specification.version" value="1.8"/>
    <property name="sun.arch.data.model" value="64"/>
    <property name="java.home" value="D:\a_env\Java\JDK\jdk1.8.0\jre"/>
    <property name="sun.java.command" value="org.codehaus.plexus.classworlds.launcher.Launcher package"/>
    <property name="java.specification.vendor" value="Oracle Corporation"/>
    <property name="user.language" value="zh"/>
    <property name="awt.toolkit" value="sun.awt.windows.WToolkit"/>
    <property name="java.vm.info" value="mixed mode"/>
    <property name="java.version" value="1.8.0_111"/>
    <property name="java.ext.dirs" value="D:\a_env\Java\JDK\jdk1.8.0\jre\lib\ext;C:\WINDOWS\Sun\Java\lib\ext"/>
    <property name="sun.boot.class.path" value="D:\a_env\Java\JDK\jdk1.8.0\jre\lib\resources.jar;D:\a_env\Java\JDK\jdk1.8.0\jre\lib\rt.jar;D:\a_env\Java\JDK\jdk1.8.0\jre\lib\sunrsasign.jar;D:\a_env\Java\JDK\jdk1.8.0\jre\lib\jsse.jar;D:\a_env\Java\JDK\jdk1.8.0\jre\lib\jce.jar;D:\a_env\Java\JDK\jdk1.8.0\jre\lib\charsets.jar;D:\a_env\Java\JDK\jdk1.8.0\jre\lib\jfr.jar;D:\a_env\Java\JDK\jdk1.8.0\jre\classes"/>
    <property name="sun.stderr.encoding" value="ms936"/>
    <property name="java.vendor" value="Oracle Corporation"/>
    <property name="maven.home" value="D:\c_codebuild\maven\installed\bin\.."/>
    <property name="file.separator" value="\"/>
    <property name="java.vendor.url.bug" value="http://bugreport.sun.com/bugreport/"/>
    <property name="sun.cpu.endian" value="little"/>
    <property name="sun.io.unicode.encoding" value="UnicodeLittle"/>
    <property name="sun.stdout.encoding" value="ms936"/>
    <property name="sun.desktop" value="windows"/>
    <property name="sun.cpu.isalist" value="amd64"/>
  </properties>
  <testcase classname="com.wang.ustc.AppTest" name="testApp" time="0.004"/>
</testsuite>