<?xml version="1.0" encoding="UTF-8"?>
<testsuite xmlns:xsi="http://www.w3.org/2001/XMLSchema-instance" xsi:noNamespaceSchemaLocation="https://maven.apache.org/surefire/maven-surefire-plugin/xsd/surefire-test-report.xsd" name="sample.jetty.SampleJettyApplicationTests" time="10.671" tests="2" errors="0" skipped="0" failures="0">
  <properties>
    <property name="sun.desktop" value="windows"/>
    <property name="awt.toolkit" value="sun.awt.windows.WToolkit"/>
    <property name="file.encoding.pkg" value="sun.io"/>
    <property name="java.specification.version" value="1.8"/>
    <property name="sun.cpu.isalist" value="amd64"/>
    <property name="sun.jnu.encoding" value="GBK"/>
    <property name="java.class.path" value="F:\a-Code_clones\6-SpringBoot项目\springBoot官网github\gitClone\spring-boot\spring-boot-samples\spring-boot-sample-jetty\target\test-classes;F:\a-Code_clones\6-SpringBoot项目\springBoot官网github\gitClone\spring-boot\spring-boot-samples\spring-boot-sample-jetty\target\classes;C:\Users\wang\.m2\repository\org\springframework\boot\spring-boot-starter-web\2.1.0.BUILD-SNAPSHOT\spring-boot-starter-web-2.1.0.BUILD-SNAPSHOT.jar;C:\Users\wang\.m2\repository\org\springframework\boot\spring-boot-starter\2.1.0.BUILD-SNAPSHOT\spring-boot-starter-2.1.0.BUILD-SNAPSHOT.jar;C:\Users\wang\.m2\repository\org\springframework\boot\spring-boot\2.1.0.BUILD-SNAPSHOT\spring-boot-2.1.0.BUILD-SNAPSHOT.jar;C:\Users\wang\.m2\repository\org\springframework\boot\spring-boot-autoconfigure\2.1.0.BUILD-SNAPSHOT\spring-boot-autoconfigure-2.1.0.BUILD-SNAPSHOT.jar;C:\Users\wang\.m2\repository\org\springframework\boot\spring-boot-starter-logging\2.1.0.BUILD-SNAPSHOT\spring-boot-starter-logging-2.1.0.BUILD-SNAPSHOT.jar;C:\Users\wang\.m2\repository\ch\qos\logback\logback-classic\1.2.3\logback-classic-1.2.3.jar;C:\Users\wang\.m2\repository\ch\qos\logback\logback-core\1.2.3\logback-core-1.2.3.jar;C:\Users\wang\.m2\repository\org\apache\logging\log4j\log4j-to-slf4j\2.10.0\log4j-to-slf4j-2.10.0.jar;C:\Users\wang\.m2\repository\org\apache\logging\log4j\log4j-api\2.10.0\log4j-api-2.10.0.jar;C:\Users\wang\.m2\repository\org\slf4j\jul-to-slf4j\1.7.25\jul-to-slf4j-1.7.25.jar;C:\Users\wang\.m2\repository\javax\annotation\javax.annotation-api\1.3.2\javax.annotation-api-1.3.2.jar;C:\Users\wang\.m2\repository\org\yaml\snakeyaml\1.19\snakeyaml-1.19.jar;C:\Users\wang\.m2\repository\org\springframework\boot\spring-boot-starter-json\2.1.0.BUILD-SNAPSHOT\spring-boot-starter-json-2.1.0.BUILD-SNAPSHOT.jar;C:\Users\wang\.m2\repository\com\fasterxml\jackson\core\jackson-databind\2.9.5\jackson-databind-2.9.5.jar;C:\Users\wang\.m2\repository\com\fasterxml\jackson\core\jackson-annotations\2.9.0\jackson-annotations-2.9.0.jar;C:\Users\wang\.m2\repository\com\fasterxml\jackson\core\jackson-core\2.9.5\jackson-core-2.9.5.jar;C:\Users\wang\.m2\repository\com\fasterxml\jackson\datatype\jackson-datatype-jdk8\2.9.5\jackson-datatype-jdk8-2.9.5.jar;C:\Users\wang\.m2\repository\com\fasterxml\jackson\datatype\jackson-datatype-jsr310\2.9.5\jackson-datatype-jsr310-2.9.5.jar;C:\Users\wang\.m2\repository\com\fasterxml\jackson\module\jackson-module-parameter-names\2.9.5\jackson-module-parameter-names-2.9.5.jar;C:\Users\wang\.m2\repository\org\hibernate\validator\hibernate-validator\6.0.9.Final\hibernate-validator-6.0.9.Final.jar;C:\Users\wang\.m2\repository\javax\validation\validation-api\2.0.1.Final\validation-api-2.0.1.Final.jar;C:\Users\wang\.m2\repository\org\jboss\logging\jboss-logging\3.3.2.Final\jboss-logging-3.3.2.Final.jar;C:\Users\wang\.m2\repository\com\fasterxml\classmate\1.3.4\classmate-1.3.4.jar;C:\Users\wang\.m2\repository\org\springframework\spring-web\5.0.6.RELEASE\spring-web-5.0.6.RELEASE.jar;C:\Users\wang\.m2\repository\org\springframework\spring-beans\5.0.6.RELEASE\spring-beans-5.0.6.RELEASE.jar;C:\Users\wang\.m2\repository\org\springframework\spring-webmvc\5.0.6.RELEASE\spring-webmvc-5.0.6.RELEASE.jar;C:\Users\wang\.m2\repository\org\springframework\spring-aop\5.0.6.RELEASE\spring-aop-5.0.6.RELEASE.jar;C:\Users\wang\.m2\repository\org\springframework\spring-context\5.0.6.RELEASE\spring-context-5.0.6.RELEASE.jar;C:\Users\wang\.m2\repository\org\springframework\spring-expression\5.0.6.RELEASE\spring-expression-5.0.6.RELEASE.jar;C:\Users\wang\.m2\repository\org\springframework\boot\spring-boot-starter-jetty\2.1.0.BUILD-SNAPSHOT\spring-boot-starter-jetty-2.1.0.BUILD-SNAPSHOT.jar;C:\Users\wang\.m2\repository\org\eclipse\jetty\jetty-servlets\9.4.10.v20180503\jetty-servlets-9.4.10.v20180503.jar;C:\Users\wang\.m2\repository\org\eclipse\jetty\jetty-continuation\9.4.10.v20180503\jetty-continuation-9.4.10.v20180503.jar;C:\Users\wang\.m2\repository\org\eclipse\jetty\jetty-http\9.4.10.v20180503\jetty-http-9.4.10.v20180503.jar;C:\Users\wang\.m2\repository\org\eclipse\jetty\jetty-util\9.4.10.v20180503\jetty-util-9.4.10.v20180503.jar;C:\Users\wang\.m2\repository\org\eclipse\jetty\jetty-io\9.4.10.v20180503\jetty-io-9.4.10.v20180503.jar;C:\Users\wang\.m2\repository\org\eclipse\jetty\jetty-webapp\9.4.10.v20180503\jetty-webapp-9.4.10.v20180503.jar;C:\Users\wang\.m2\repository\org\eclipse\jetty\jetty-xml\9.4.10.v20180503\jetty-xml-9.4.10.v20180503.jar;C:\Users\wang\.m2\repository\org\eclipse\jetty\jetty-servlet\9.4.10.v20180503\jetty-servlet-9.4.10.v20180503.jar;C:\Users\wang\.m2\repository\org\eclipse\jetty\jetty-security\9.4.10.v20180503\jetty-security-9.4.10.v20180503.jar;C:\Users\wang\.m2\repository\org\eclipse\jetty\jetty-server\9.4.10.v20180503\jetty-server-9.4.10.v20180503.jar;C:\Users\wang\.m2\repository\org\eclipse\jetty\websocket\websocket-server\9.4.10.v20180503\websocket-server-9.4.10.v20180503.jar;C:\Users\wang\.m2\repository\org\eclipse\jetty\websocket\websocket-common\9.4.10.v20180503\websocket-common-9.4.10.v20180503.jar;C:\Users\wang\.m2\repository\org\eclipse\jetty\websocket\websocket-api\9.4.10.v20180503\websocket-api-9.4.10.v20180503.jar;C:\Users\wang\.m2\repository\org\eclipse\jetty\websocket\websocket-client\9.4.10.v20180503\websocket-client-9.4.10.v20180503.jar;C:\Users\wang\.m2\repository\org\eclipse\jetty\jetty-client\9.4.10.v20180503\jetty-client-9.4.10.v20180503.jar;C:\Users\wang\.m2\repository\org\eclipse\jetty\websocket\websocket-servlet\9.4.10.v20180503\websocket-servlet-9.4.10.v20180503.jar;C:\Users\wang\.m2\repository\javax\servlet\javax.servlet-api\3.1.0\javax.servlet-api-3.1.0.jar;C:\Users\wang\.m2\repository\org\eclipse\jetty\websocket\javax-websocket-server-impl\9.4.10.v20180503\javax-websocket-server-impl-9.4.10.v20180503.jar;C:\Users\wang\.m2\repository\org\eclipse\jetty\jetty-annotations\9.4.10.v20180503\jetty-annotations-9.4.10.v20180503.jar;C:\Users\wang\.m2\repository\org\eclipse\jetty\jetty-plus\9.4.10.v20180503\jetty-plus-9.4.10.v20180503.jar;C:\Users\wang\.m2\repository\org\ow2\asm\asm\6.1.1\asm-6.1.1.jar;C:\Users\wang\.m2\repository\org\ow2\asm\asm-commons\6.1.1\asm-commons-6.1.1.jar;C:\Users\wang\.m2\repository\org\ow2\asm\asm-tree\6.1.1\asm-tree-6.1.1.jar;C:\Users\wang\.m2\repository\org\ow2\asm\asm-analysis\6.1.1\asm-analysis-6.1.1.jar;C:\Users\wang\.m2\repository\org\eclipse\jetty\websocket\javax-websocket-client-impl\9.4.10.v20180503\javax-websocket-client-impl-9.4.10.v20180503.jar;C:\Users\wang\.m2\repository\javax\websocket\javax.websocket-api\1.0\javax.websocket-api-1.0.jar;C:\Users\wang\.m2\repository\org\mortbay\jasper\apache-el\8.5.24.2\apache-el-8.5.24.2.jar;C:\Users\wang\.m2\repository\org\springframework\boot\spring-boot-starter-test\2.1.0.BUILD-SNAPSHOT\spring-boot-starter-test-2.1.0.BUILD-SNAPSHOT.jar;C:\Users\wang\.m2\repository\org\springframework\boot\spring-boot-test\2.1.0.BUILD-SNAPSHOT\spring-boot-test-2.1.0.BUILD-SNAPSHOT.jar;C:\Users\wang\.m2\repository\org\springframework\boot\spring-boot-test-autoconfigure\2.1.0.BUILD-SNAPSHOT\spring-boot-test-autoconfigure-2.1.0.BUILD-SNAPSHOT.jar;C:\Users\wang\.m2\repository\com\jayway\jsonpath\json-path\2.4.0\json-path-2.4.0.jar;C:\Users\wang\.m2\repository\net\minidev\json-smart\2.3\json-smart-2.3.jar;C:\Users\wang\.m2\repository\net\minidev\accessors-smart\1.2\accessors-smart-1.2.jar;C:\Users\wang\.m2\repository\org\slf4j\slf4j-api\1.7.25\slf4j-api-1.7.25.jar;C:\Users\wang\.m2\repository\junit\junit\4.12\junit-4.12.jar;C:\Users\wang\.m2\repository\org\assertj\assertj-core\3.9.1\assertj-core-3.9.1.jar;C:\Users\wang\.m2\repository\org\mockito\mockito-core\2.15.0\mockito-core-2.15.0.jar;C:\Users\wang\.m2\repository\net\bytebuddy\byte-buddy\1.7.11\byte-buddy-1.7.11.jar;C:\Users\wang\.m2\repository\net\bytebuddy\byte-buddy-agent\1.7.11\byte-buddy-agent-1.7.11.jar;C:\Users\wang\.m2\repository\org\objenesis\objenesis\2.6\objenesis-2.6.jar;C:\Users\wang\.m2\repository\org\hamcrest\hamcrest-core\1.3\hamcrest-core-1.3.jar;C:\Users\wang\.m2\repository\org\hamcrest\hamcrest-library\1.3\hamcrest-library-1.3.jar;C:\Users\wang\.m2\repository\org\skyscreamer\jsonassert\1.5.0\jsonassert-1.5.0.jar;C:\Users\wang\.m2\repository\com\vaadin\external\google\android-json\0.0.20131108.vaadin1\android-json-0.0.20131108.vaadin1.jar;C:\Users\wang\.m2\repository\org\springframework\spring-core\5.0.6.RELEASE\spring-core-5.0.6.RELEASE.jar;C:\Users\wang\.m2\repository\org\springframework\spring-jcl\5.0.6.RELEASE\spring-jcl-5.0.6.RELEASE.jar;C:\Users\wang\.m2\repository\org\springframework\spring-test\5.0.6.RELEASE\spring-test-5.0.6.RELEASE.jar;C:\Users\wang\.m2\repository\org\xmlunit\xmlunit-core\2.5.1\xmlunit-core-2.5.1.jar;"/>
    <property name="java.vm.vendor" value="Oracle Corporation"/>
    <property name="sun.arch.data.model" value="64"/>
    <property name="user.variant" value=""/>
    <property name="java.vendor.url" value="http://java.oracle.com/"/>
    <property name="user.timezone" value=""/>
    <property name="java.vm.specification.version" value="1.8"/>
    <property name="os.name" value="Windows 10"/>
    <property name="user.country" value="CN"/>
    <property name="sun.java.launcher" value="SUN_STANDARD"/>
    <property name="sun.boot.library.path" value="D:\a_env\Java\JDK\jdk1.8.0\jre\bin"/>
    <property name="sun.java.command" value="C:\Users\wang\AppData\Local\Temp\surefire8613667102188124760\surefirebooter6322808260239821021.jar C:\Users\wang\AppData\Local\Temp\surefire8613667102188124760 2018-05-17T01-01-07_592-jvmRun1 surefire5417470697164725118tmp surefire_07408788412413971251tmp"/>
    <property name="surefire.test.class.path" value="F:\a-Code_clones\6-SpringBoot项目\springBoot官网github\gitClone\spring-boot\spring-boot-samples\spring-boot-sample-jetty\target\test-classes;F:\a-Code_clones\6-SpringBoot项目\springBoot官网github\gitClone\spring-boot\spring-boot-samples\spring-boot-sample-jetty\target\classes;C:\Users\wang\.m2\repository\org\springframework\boot\spring-boot-starter-web\2.1.0.BUILD-SNAPSHOT\spring-boot-starter-web-2.1.0.BUILD-SNAPSHOT.jar;C:\Users\wang\.m2\repository\org\springframework\boot\spring-boot-starter\2.1.0.BUILD-SNAPSHOT\spring-boot-starter-2.1.0.BUILD-SNAPSHOT.jar;C:\Users\wang\.m2\repository\org\springframework\boot\spring-boot\2.1.0.BUILD-SNAPSHOT\spring-boot-2.1.0.BUILD-SNAPSHOT.jar;C:\Users\wang\.m2\repository\org\springframework\boot\spring-boot-autoconfigure\2.1.0.BUILD-SNAPSHOT\spring-boot-autoconfigure-2.1.0.BUILD-SNAPSHOT.jar;C:\Users\wang\.m2\repository\org\springframework\boot\spring-boot-starter-logging\2.1.0.BUILD-SNAPSHOT\spring-boot-starter-logging-2.1.0.BUILD-SNAPSHOT.jar;C:\Users\wang\.m2\repository\ch\qos\logback\logback-classic\1.2.3\logback-classic-1.2.3.jar;C:\Users\wang\.m2\repository\ch\qos\logback\logback-core\1.2.3\logback-core-1.2.3.jar;C:\Users\wang\.m2\repository\org\apache\logging\log4j\log4j-to-slf4j\2.10.0\log4j-to-slf4j-2.10.0.jar;C:\Users\wang\.m2\repository\org\apache\logging\log4j\log4j-api\2.10.0\log4j-api-2.10.0.jar;C:\Users\wang\.m2\repository\org\slf4j\jul-to-slf4j\1.7.25\jul-to-slf4j-1.7.25.jar;C:\Users\wang\.m2\repository\javax\annotation\javax.annotation-api\1.3.2\javax.annotation-api-1.3.2.jar;C:\Users\wang\.m2\repository\org\yaml\snakeyaml\1.19\snakeyaml-1.19.jar;C:\Users\wang\.m2\repository\org\springframework\boot\spring-boot-starter-json\2.1.0.BUILD-SNAPSHOT\spring-boot-starter-json-2.1.0.BUILD-SNAPSHOT.jar;C:\Users\wang\.m2\repository\com\fasterxml\jackson\core\jackson-databind\2.9.5\jackson-databind-2.9.5.jar;C:\Users\wang\.m2\repository\com\fasterxml\jackson\core\jackson-annotations\2.9.0\jackson-annotations-2.9.0.jar;C:\Users\wang\.m2\repository\com\fasterxml\jackson\core\jackson-core\2.9.5\jackson-core-2.9.5.jar;C:\Users\wang\.m2\repository\com\fasterxml\jackson\datatype\jackson-datatype-jdk8\2.9.5\jackson-datatype-jdk8-2.9.5.jar;C:\Users\wang\.m2\repository\com\fasterxml\jackson\datatype\jackson-datatype-jsr310\2.9.5\jackson-datatype-jsr310-2.9.5.jar;C:\Users\wang\.m2\repository\com\fasterxml\jackson\module\jackson-module-parameter-names\2.9.5\jackson-module-parameter-names-2.9.5.jar;C:\Users\wang\.m2\repository\org\hibernate\validator\hibernate-validator\6.0.9.Final\hibernate-validator-6.0.9.Final.jar;C:\Users\wang\.m2\repository\javax\validation\validation-api\2.0.1.Final\validation-api-2.0.1.Final.jar;C:\Users\wang\.m2\repository\org\jboss\logging\jboss-logging\3.3.2.Final\jboss-logging-3.3.2.Final.jar;C:\Users\wang\.m2\repository\com\fasterxml\classmate\1.3.4\classmate-1.3.4.jar;C:\Users\wang\.m2\repository\org\springframework\spring-web\5.0.6.RELEASE\spring-web-5.0.6.RELEASE.jar;C:\Users\wang\.m2\repository\org\springframework\spring-beans\5.0.6.RELEASE\spring-beans-5.0.6.RELEASE.jar;C:\Users\wang\.m2\repository\org\springframework\spring-webmvc\5.0.6.RELEASE\spring-webmvc-5.0.6.RELEASE.jar;C:\Users\wang\.m2\repository\org\springframework\spring-aop\5.0.6.RELEASE\spring-aop-5.0.6.RELEASE.jar;C:\Users\wang\.m2\repository\org\springframework\spring-context\5.0.6.RELEASE\spring-context-5.0.6.RELEASE.jar;C:\Users\wang\.m2\repository\org\springframework\spring-expression\5.0.6.RELEASE\spring-expression-5.0.6.RELEASE.jar;C:\Users\wang\.m2\repository\org\springframework\boot\spring-boot-starter-jetty\2.1.0.BUILD-SNAPSHOT\spring-boot-starter-jetty-2.1.0.BUILD-SNAPSHOT.jar;C:\Users\wang\.m2\repository\org\eclipse\jetty\jetty-servlets\9.4.10.v20180503\jetty-servlets-9.4.10.v20180503.jar;C:\Users\wang\.m2\repository\org\eclipse\jetty\jetty-continuation\9.4.10.v20180503\jetty-continuation-9.4.10.v20180503.jar;C:\Users\wang\.m2\repository\org\eclipse\jetty\jetty-http\9.4.10.v20180503\jetty-http-9.4.10.v20180503.jar;C:\Users\wang\.m2\repository\org\eclipse\jetty\jetty-util\9.4.10.v20180503\jetty-util-9.4.10.v20180503.jar;C:\Users\wang\.m2\repository\org\eclipse\jetty\jetty-io\9.4.10.v20180503\jetty-io-9.4.10.v20180503.jar;C:\Users\wang\.m2\repository\org\eclipse\jetty\jetty-webapp\9.4.10.v20180503\jetty-webapp-9.4.10.v20180503.jar;C:\Users\wang\.m2\repository\org\eclipse\jetty\jetty-xml\9.4.10.v20180503\jetty-xml-9.4.10.v20180503.jar;C:\Users\wang\.m2\repository\org\eclipse\jetty\jetty-servlet\9.4.10.v20180503\jetty-servlet-9.4.10.v20180503.jar;C:\Users\wang\.m2\repository\org\eclipse\jetty\jetty-security\9.4.10.v20180503\jetty-security-9.4.10.v20180503.jar;C:\Users\wang\.m2\repository\org\eclipse\jetty\jetty-server\9.4.10.v20180503\jetty-server-9.4.10.v20180503.jar;C:\Users\wang\.m2\repository\org\eclipse\jetty\websocket\websocket-server\9.4.10.v20180503\websocket-server-9.4.10.v20180503.jar;C:\Users\wang\.m2\repository\org\eclipse\jetty\websocket\websocket-common\9.4.10.v20180503\websocket-common-9.4.10.v20180503.jar;C:\Users\wang\.m2\repository\org\eclipse\jetty\websocket\websocket-api\9.4.10.v20180503\websocket-api-9.4.10.v20180503.jar;C:\Users\wang\.m2\repository\org\eclipse\jetty\websocket\websocket-client\9.4.10.v20180503\websocket-client-9.4.10.v20180503.jar;C:\Users\wang\.m2\repository\org\eclipse\jetty\jetty-client\9.4.10.v20180503\jetty-client-9.4.10.v20180503.jar;C:\Users\wang\.m2\repository\org\eclipse\jetty\websocket\websocket-servlet\9.4.10.v20180503\websocket-servlet-9.4.10.v20180503.jar;C:\Users\wang\.m2\repository\javax\servlet\javax.servlet-api\3.1.0\javax.servlet-api-3.1.0.jar;C:\Users\wang\.m2\repository\org\eclipse\jetty\websocket\javax-websocket-server-impl\9.4.10.v20180503\javax-websocket-server-impl-9.4.10.v20180503.jar;C:\Users\wang\.m2\repository\org\eclipse\jetty\jetty-annotations\9.4.10.v20180503\jetty-annotations-9.4.10.v20180503.jar;C:\Users\wang\.m2\repository\org\eclipse\jetty\jetty-plus\9.4.10.v20180503\jetty-plus-9.4.10.v20180503.jar;C:\Users\wang\.m2\repository\org\ow2\asm\asm\6.1.1\asm-6.1.1.jar;C:\Users\wang\.m2\repository\org\ow2\asm\asm-commons\6.1.1\asm-commons-6.1.1.jar;C:\Users\wang\.m2\repository\org\ow2\asm\asm-tree\6.1.1\asm-tree-6.1.1.jar;C:\Users\wang\.m2\repository\org\ow2\asm\asm-analysis\6.1.1\asm-analysis-6.1.1.jar;C:\Users\wang\.m2\repository\org\eclipse\jetty\websocket\javax-websocket-client-impl\9.4.10.v20180503\javax-websocket-client-impl-9.4.10.v20180503.jar;C:\Users\wang\.m2\repository\javax\websocket\javax.websocket-api\1.0\javax.websocket-api-1.0.jar;C:\Users\wang\.m2\repository\org\mortbay\jasper\apache-el\8.5.24.2\apache-el-8.5.24.2.jar;C:\Users\wang\.m2\repository\org\springframework\boot\spring-boot-starter-test\2.1.0.BUILD-SNAPSHOT\spring-boot-starter-test-2.1.0.BUILD-SNAPSHOT.jar;C:\Users\wang\.m2\repository\org\springframework\boot\spring-boot-test\2.1.0.BUILD-SNAPSHOT\spring-boot-test-2.1.0.BUILD-SNAPSHOT.jar;C:\Users\wang\.m2\repository\org\springframework\boot\spring-boot-test-autoconfigure\2.1.0.BUILD-SNAPSHOT\spring-boot-test-autoconfigure-2.1.0.BUILD-SNAPSHOT.jar;C:\Users\wang\.m2\repository\com\jayway\jsonpath\json-path\2.4.0\json-path-2.4.0.jar;C:\Users\wang\.m2\repository\net\minidev\json-smart\2.3\json-smart-2.3.jar;C:\Users\wang\.m2\repository\net\minidev\accessors-smart\1.2\accessors-smart-1.2.jar;C:\Users\wang\.m2\repository\org\slf4j\slf4j-api\1.7.25\slf4j-api-1.7.25.jar;C:\Users\wang\.m2\repository\junit\junit\4.12\junit-4.12.jar;C:\Users\wang\.m2\repository\org\assertj\assertj-core\3.9.1\assertj-core-3.9.1.jar;C:\Users\wang\.m2\repository\org\mockito\mockito-core\2.15.0\mockito-core-2.15.0.jar;C:\Users\wang\.m2\repository\net\bytebuddy\byte-buddy\1.7.11\byte-buddy-1.7.11.jar;C:\Users\wang\.m2\repository\net\bytebuddy\byte-buddy-agent\1.7.11\byte-buddy-agent-1.7.11.jar;C:\Users\wang\.m2\repository\org\objenesis\objenesis\2.6\objenesis-2.6.jar;C:\Users\wang\.m2\repository\org\hamcrest\hamcrest-core\1.3\hamcrest-core-1.3.jar;C:\Users\wang\.m2\repository\org\hamcrest\hamcrest-library\1.3\hamcrest-library-1.3.jar;C:\Users\wang\.m2\repository\org\skyscreamer\jsonassert\1.5.0\jsonassert-1.5.0.jar;C:\Users\wang\.m2\repository\com\vaadin\external\google\android-json\0.0.20131108.vaadin1\android-json-0.0.20131108.vaadin1.jar;C:\Users\wang\.m2\repository\org\springframework\spring-core\5.0.6.RELEASE\spring-core-5.0.6.RELEASE.jar;C:\Users\wang\.m2\repository\org\springframework\spring-jcl\5.0.6.RELEASE\spring-jcl-5.0.6.RELEASE.jar;C:\Users\wang\.m2\repository\org\springframework\spring-test\5.0.6.RELEASE\spring-test-5.0.6.RELEASE.jar;C:\Users\wang\.m2\repository\org\xmlunit\xmlunit-core\2.5.1\xmlunit-core-2.5.1.jar;"/>
    <property name="sun.cpu.endian" value="little"/>
    <property name="user.home" value="C:\Users\wang"/>
    <property name="user.language" value="zh"/>
    <property name="java.specification.vendor" value="Oracle Corporation"/>
    <property name="java.home" value="D:\a_env\Java\JDK\jdk1.8.0\jre"/>
    <property name="basedir" value="F:\a-Code_clones\6-SpringBoot项目\springBoot官网github\gitClone\spring-boot\spring-boot-samples\spring-boot-sample-jetty"/>
    <property name="file.separator" value="\"/>
    <property name="line.separator" value="&#10;"/>
    <property name="java.vm.specification.vendor" value="Oracle Corporation"/>
    <property name="java.specification.name" value="Java Platform API Specification"/>
    <property name="java.awt.graphicsenv" value="sun.awt.Win32GraphicsEnvironment"/>
    <property name="java.awt.headless" value="true"/>
    <property name="surefire.real.class.path" value="C:\Users\wang\AppData\Local\Temp\surefire8613667102188124760\surefirebooter6322808260239821021.jar"/>
    <property name="sun.boot.class.path" value="D:\a_env\Java\JDK\jdk1.8.0\jre\lib\resources.jar;D:\a_env\Java\JDK\jdk1.8.0\jre\lib\rt.jar;D:\a_env\Java\JDK\jdk1.8.0\jre\lib\sunrsasign.jar;D:\a_env\Java\JDK\jdk1.8.0\jre\lib\jsse.jar;D:\a_env\Java\JDK\jdk1.8.0\jre\lib\jce.jar;D:\a_env\Java\JDK\jdk1.8.0\jre\lib\charsets.jar;D:\a_env\Java\JDK\jdk1.8.0\jre\lib\jfr.jar;D:\a_env\Java\JDK\jdk1.8.0\jre\classes"/>
    <property name="user.script" value=""/>
    <property name="sun.management.compiler" value="HotSpot 64-Bit Tiered Compilers"/>
    <property name="java.runtime.version" value="1.8.0_111-b14"/>
    <property name="user.name" value="wang"/>
    <property name="path.separator" value=";"/>
    <property name="java.security.egd" value="file:/dev/./urandom"/>
    <property name="os.version" value="10.0"/>
    <property name="java.endorsed.dirs" value="D:\a_env\Java\JDK\jdk1.8.0\jre\lib\endorsed"/>
    <property name="java.runtime.name" value="Java(TM) SE Runtime Environment"/>
    <property name="file.encoding" value="GBK"/>
    <property name="java.vm.name" value="Java HotSpot(TM) 64-Bit Server VM"/>
    <property name="localRepository" value="C:\Users\wang\.m2\repository"/>
    <property name="java.vendor.url.bug" value="http://bugreport.sun.com/bugreport/"/>
    <property name="java.io.tmpdir" value="C:\Users\wang\AppData\Local\Temp\"/>
    <property name="java.version" value="1.8.0_111"/>
    <property name="user.dir" value="F:\a-Code_clones\6-SpringBoot项目\springBoot官网github\gitClone\spring-boot\spring-boot-samples\spring-boot-sample-jetty"/>
    <property name="os.arch" value="amd64"/>
    <property name="java.vm.specification.name" value="Java Virtual Machine Specification"/>
    <property name="java.awt.printerjob" value="sun.awt.windows.WPrinterJob"/>
    <property name="sun.os.patch.level" value=""/>
    <property name="java.library.path" value="D:\a_env\Java\JDK\jdk1.8.0\jre\bin;C:\WINDOWS\Sun\Java\bin;C:\WINDOWS\system32;C:\WINDOWS;C:\Program Files\Docker\Docker\Resources\bin;C:\Program Files (x86)\Intel\iCLS Client\;C:\Program Files\Intel\iCLS Client\;C:\WINDOWS\system32;C:\WINDOWS;C:\WINDOWS\System32\Wbem;C:\WINDOWS\System32\WindowsPowerShell\v1.0\;C:\Program Files (x86)\Intel\Intel(R) Management Engine Components\DAL;C:\Program Files\Intel\Intel(R) Management Engine Components\DAL;C:\Program Files (x86)\Intel\Intel(R) Management Engine Components\IPT;C:\Program Files\Intel\Intel(R) Management Engine Components\IPT;D:\c_codebuild\maven\installed\bin;D:\a_cmd\com;D:\a_cmd\hexo;D:\a_cmd\linux;D:\a_cmd\pscmd;D:\a_cmd\pycmd;D:\a_cmd\shcmd;D:\a_env\Java\JDK\jdk1.8.0\bin;D:\a_env\Java\JDK\jdk1.8.0\jre\bin;D:\a_env\m_go\goroot\bin;D:\a_env\python;D:\d_data\2-redis\installed;D:\d_data\1-mysql\installed\5.7\soft\bin;D:\d_data\2-mongodb\installed\mongodb3.4.10\bin;D:\d_server\zookeeper-3.5.2\bin;D:\d_server\kafka-2.12\bin;D:\c_store\git\git\installed\cmd;D:\a_env\nodejs\installed\;D:\a_env\nodejs\installed\node_global\;C:\Program Files\Intel\WiFi\bin\;C:\Program Files\Common Files\Intel\WirelessCommon\;C:\ProgramData\Oracle\Java\javapath;D:\c_store\svn\client\installed\bin;D:\c_store\svn\server\installed\bin;D:\a_env\python\installed\Scripts\;D:\a_env\python\installed\;C:\Users\wang\AppData\Local\Microsoft\WindowsApps;C:\Users\wang\AppData\Roaming\npm;C:\Users\wang\AppData\Local\GitHubDesktop\bin;C:\Users\wang\AppData\Local\Microsoft\WindowsApps;C:\Users\wang\AppData\Local\atom\bin;D:\b_ide\vscode\installed\bin;."/>
    <property name="java.vm.info" value="mixed mode"/>
    <property name="java.vendor" value="Oracle Corporation"/>
    <property name="java.vm.version" value="25.111-b14"/>
    <property name="java.ext.dirs" value="D:\a_env\Java\JDK\jdk1.8.0\jre\lib\ext;C:\WINDOWS\Sun\Java\lib\ext"/>
    <property name="sun.io.unicode.encoding" value="UnicodeLittle"/>
    <property name="java.class.version" value="52.0"/>
  </properties>
  <testcase name="testHome" classname="sample.jetty.SampleJettyApplicationTests" time="0.751"/>
  <testcase name="testCompression" classname="sample.jetty.SampleJettyApplicationTests" time="0.032"/>
</testsuite>